TN:
SF:src/router.ts
FN:30,(anonymous_0)
FN:42,(anonymous_1)
FNF:2
FNH:2
FNDA:4,(anonymous_0)
FNDA:5,(anonymous_1)
DA:1,2
DA:2,2
DA:3,2
DA:4,2
DA:6,2
DA:11,2
DA:15,2
DA:24,2
DA:30,4
DA:36,2
DA:42,5
DA:47,2
DA:52,2
DA:58,2
LF:14
LH:14
BRF:0
BRH:0
end_of_record
TN:
SF:src/server.ts
FN:11,connectDb
FN:34,(anonymous_2)
FNF:2
FNH:2
FNDA:2,connectDb
FNDA:1,(anonymous_2)
DA:1,2
DA:2,2
DA:3,2
DA:7,2
DA:13,2
DA:14,2
DA:15,1
DA:19,0
DA:24,2
DA:27,2
DA:30,2
DA:32,2
DA:34,2
DA:35,1
DA:38,2
LF:15
LH:14
BRDA:7,0,0,2
BRDA:7,0,1,2
BRF:2
BRH:2
end_of_record
TN:
SF:src/config/db.ts
FNF:0
FNH:0
DA:1,2
DA:2,2
DA:3,2
DA:5,2
DA:11,2
LF:5
LH:5
BRF:0
BRH:0
end_of_record
TN:
SF:src/handlers/product.ts
FN:6,(anonymous_1)
FN:19,(anonymous_2)
FN:44,(anonymous_3)
FN:55,(anonymous_4)
FN:84,(anonymous_5)
FN:111,(anonymous_6)
FNF:6
FNH:5
FNDA:1,(anonymous_1)
FNDA:2,(anonymous_2)
FNDA:1,(anonymous_3)
FNDA:2,(anonymous_4)
FNDA:0,(anonymous_5)
FNDA:2,(anonymous_6)
DA:2,2
DA:6,2
DA:7,1
DA:9,1
DA:10,1
DA:13,0
DA:19,2
DA:20,2
DA:22,2
DA:23,2
DA:26,2
DA:27,1
DA:34,1
DA:38,0
DA:44,2
DA:46,1
DA:47,1
DA:48,1
DA:51,0
DA:55,2
DA:57,2
DA:59,2
DA:60,2
DA:62,2
DA:63,1
DA:71,1
DA:72,1
DA:76,1
DA:79,0
DA:84,2
DA:86,0
DA:88,0
DA:89,0
DA:91,0
DA:92,0
DA:100,0
DA:101,0
DA:103,0
DA:106,0
DA:111,2
DA:113,2
DA:115,2
DA:116,2
DA:118,2
DA:119,1
DA:127,1
DA:128,1
DA:131,0
LF:48
LH:34
BRDA:26,0,0,1
BRDA:62,1,0,1
BRDA:91,2,0,0
BRDA:118,3,0,1
BRF:4
BRH:3
end_of_record
TN:
SF:src/middleware/index.ts
FN:5,(anonymous_0)
FNF:1
FNH:1
FNDA:15,(anonymous_0)
DA:2,2
DA:5,2
DA:6,15
DA:7,15
DA:8,8
DA:10,7
LF:6
LH:6
BRDA:7,0,0,8
BRF:1
BRH:1
end_of_record
TN:
SF:src/models/Product.model.ts
FNF:0
FNH:0
DA:1,2
DA:8,2
DA:13,2
DA:18,2
DA:25,2
DA:28,2
LF:6
LH:6
BRF:0
BRH:0
end_of_record
